****************************日志信息****************************
【出现时间】：2019-10-14 14:22:06.913
【日志等级】：Debug
【日志描述】：启动服务器成功

****************************日志信息****************************
【出现时间】：2019-10-14 14:23:03.242
【日志等级】：Debug
【日志描述】：启动服务器成功

****************************日志信息****************************
【出现时间】：2019-10-14 14:32:04.503
【日志等级】：Debug
【日志描述】：启动服务器成功

****************************日志信息****************************
【出现时间】：2019-10-14 14:36:40.031
【日志等级】：Debug
【日志描述】：启动服务器成功

****************************日志信息****************************
【出现时间】：2019-10-14 14:37:21.392
【日志等级】：Debug
【日志描述】：启动服务器成功

****************************日志信息****************************
【出现时间】：2019-10-14 14:37:35.818
【日志等级】：Debug
【日志描述】：启动服务器成功

****************************日志信息****************************
【出现时间】：2019-10-14 14:37:39.087
【日志等级】：Debug
【日志描述】：关闭服务器成功

****************************日志信息****************************
【出现时间】：2019-10-14 14:37:39.087
【日志等级】：Debug
【日志描述】：关闭阅读器成功

****************************日志信息****************************
【出现时间】：2019-10-14 14:41:11.785
【日志等级】：Debug
【日志描述】：启动服务器成功

****************************日志信息****************************
【出现时间】：2019-10-14 14:41:13.951
【日志等级】：Debug
【日志描述】：关闭服务器成功

****************************日志信息****************************
【出现时间】：2019-10-14 14:41:13.951
【日志等级】：Debug
【日志描述】：关闭阅读器成功

****************************日志信息****************************
【出现时间】：2019-10-14 14:41:16.774
【日志等级】：Debug
【日志描述】：启动服务器成功

****************************日志信息****************************
【出现时间】：2019-10-14 14:41:18.822
【日志等级】：Debug
【日志描述】：关闭服务器成功

****************************日志信息****************************
【出现时间】：2019-10-14 14:41:18.823
【日志等级】：Debug
【日志描述】：关闭阅读器成功

****************************日志信息****************************
【出现时间】：2019-10-14 14:49:50.997
【日志等级】：Debug
【日志描述】：启动服务器成功

