****************************日志信息****************************
【出现时间】：2019-10-17 15:27:08.038
【日志等级】：Debug
【日志描述】：启动服务器成功

****************************日志信息****************************
【出现时间】：2019-10-17 15:55:38.711
【日志等级】：Debug
【日志描述】：启动服务器成功

****************************日志信息****************************
【出现时间】：2019-10-17 16:38:37.736
【日志等级】：Debug
【日志描述】：关闭服务器成功

****************************日志信息****************************
【出现时间】：2019-10-17 16:38:38.344
【日志等级】：Debug
【日志描述】：关闭阅读器成功

****************************日志信息****************************
【出现时间】：2019-10-17 16:38:48.375
【日志等级】：Debug
【日志描述】：启动服务器成功

****************************日志信息****************************
【出现时间】：2019-10-17 16:38:48.929
【日志等级】：Debug
【日志描述】：打开身份证阅读器成功

****************************日志信息****************************
【出现时间】：2019-10-17 16:43:55.915
【日志等级】：Debug
【日志描述】：关闭服务器成功

****************************日志信息****************************
【出现时间】：2019-10-17 16:43:55.916
【日志等级】：Debug
【日志描述】：关闭阅读器成功

****************************日志信息****************************
【出现时间】：2019-10-17 16:43:59.131
【日志等级】：Debug
【日志描述】：启动服务器成功

****************************日志信息****************************
【出现时间】：2019-10-17 16:43:59.187
【日志等级】：Debug
【日志描述】：打开身份证阅读器成功

****************************日志信息****************************
【出现时间】：2019-10-17 16:45:30.593
【日志等级】：Debug
【日志描述】：关闭服务器成功

****************************日志信息****************************
【出现时间】：2019-10-17 16:45:30.593
【日志等级】：Debug
【日志描述】：关闭阅读器成功

****************************日志信息****************************
【出现时间】：2019-10-17 16:45:35.350
【日志等级】：Debug
【日志描述】：启动服务器成功

****************************日志信息****************************
【出现时间】：2019-10-17 16:45:35.411
【日志等级】：Debug
【日志描述】：打开身份证阅读器成功

****************************日志信息****************************
【出现时间】：2019-10-17 16:46:48.896
【日志等级】：Debug
【日志描述】：关闭服务器成功

****************************日志信息****************************
【出现时间】：2019-10-17 16:46:48.897
【日志等级】：Debug
【日志描述】：关闭阅读器成功

****************************日志信息****************************
【出现时间】：2019-10-17 16:46:57.037
【日志等级】：Debug
【日志描述】：启动服务器成功

****************************日志信息****************************
【出现时间】：2019-10-17 16:46:57.126
【日志等级】：Debug
【日志描述】：打开身份证阅读器成功

****************************日志信息****************************
【出现时间】：2019-10-17 16:48:22.302
【日志等级】：Debug
【日志描述】：关闭服务器成功

****************************日志信息****************************
【出现时间】：2019-10-17 16:48:22.303
【日志等级】：Debug
【日志描述】：关闭阅读器成功

****************************日志信息****************************
【出现时间】：2019-10-17 16:48:39.842
【日志等级】：Debug
【日志描述】：启动服务器成功

****************************日志信息****************************
【出现时间】：2019-10-17 16:48:39.947
【日志等级】：Debug
【日志描述】：打开身份证阅读器成功

****************************日志信息****************************
【出现时间】：2019-10-17 16:49:33.342
【日志等级】：Debug
【日志描述】：关闭服务器成功

****************************日志信息****************************
【出现时间】：2019-10-17 16:49:33.343
【日志等级】：Debug
【日志描述】：关闭阅读器成功

****************************日志信息****************************
【出现时间】：2019-10-17 16:49:42.253
【日志等级】：Debug
【日志描述】：启动服务器成功

****************************日志信息****************************
【出现时间】：2019-10-17 16:49:42.318
【日志等级】：Debug
【日志描述】：打开身份证阅读器成功

****************************日志信息****************************
【出现时间】：2019-10-17 16:52:59.282
【日志等级】：Debug
【日志描述】：关闭服务器成功

****************************日志信息****************************
【出现时间】：2019-10-17 16:52:59.284
【日志等级】：Debug
【日志描述】：关闭阅读器成功

****************************日志信息****************************
【出现时间】：2019-10-17 16:54:21.100
【日志等级】：Debug
【日志描述】：启动服务器成功

****************************日志信息****************************
【出现时间】：2019-10-17 16:54:21.149
【日志等级】：Debug
【日志描述】：打开身份证阅读器成功

****************************日志信息****************************
【出现时间】：2019-10-17 16:55:17.772
【日志等级】：Debug
【日志描述】：关闭服务器成功

****************************日志信息****************************
【出现时间】：2019-10-17 16:55:17.774
【日志等级】：Debug
【日志描述】：关闭阅读器成功

****************************日志信息****************************
【出现时间】：2019-10-17 16:55:21.959
【日志等级】：Debug
【日志描述】：启动服务器成功

****************************日志信息****************************
【出现时间】：2019-10-17 16:55:22.029
【日志等级】：Debug
【日志描述】：打开身份证阅读器成功

****************************日志信息****************************
【出现时间】：2019-10-17 16:56:40.853
【日志等级】：Debug
【日志描述】：关闭服务器成功

****************************日志信息****************************
【出现时间】：2019-10-17 16:56:40.854
【日志等级】：Debug
【日志描述】：关闭阅读器成功

****************************日志信息****************************
【出现时间】：2019-10-17 16:56:51.627
【日志等级】：Debug
【日志描述】：启动服务器成功

****************************日志信息****************************
【出现时间】：2019-10-17 16:56:51.692
【日志等级】：Debug
【日志描述】：打开身份证阅读器成功

****************************日志信息****************************
【出现时间】：2019-10-17 17:00:00.535
【日志等级】：Debug
【日志描述】：启动相机返回
【详细信息】：{"success":true,"msg":""}

****************************日志信息****************************
【出现时间】：2019-10-17 17:00:49.437
【日志等级】：Debug
【日志描述】：关闭服务器成功

****************************日志信息****************************
【出现时间】：2019-10-17 17:00:49.438
【日志等级】：Debug
【日志描述】：关闭阅读器成功

****************************日志信息****************************
【出现时间】：2019-10-17 17:00:57.474
【日志等级】：Debug
【日志描述】：启动服务器成功

****************************日志信息****************************
【出现时间】：2019-10-17 17:00:57.584
【日志等级】：Debug
【日志描述】：打开身份证阅读器成功

****************************日志信息****************************
【出现时间】：2019-10-17 17:01:12.901
【日志等级】：Debug
【日志描述】：关闭服务器成功

****************************日志信息****************************
【出现时间】：2019-10-17 17:01:12.901
【日志等级】：Debug
【日志描述】：关闭阅读器成功

****************************日志信息****************************
【出现时间】：2019-10-17 17:01:26.279
【日志等级】：Debug
【日志描述】：启动服务器成功

****************************日志信息****************************
【出现时间】：2019-10-17 17:01:26.350
【日志等级】：Debug
【日志描述】：打开身份证阅读器成功

****************************日志信息****************************
【出现时间】：2019-10-17 17:01:52.069
【日志等级】：Debug
【日志描述】：关闭服务器成功

****************************日志信息****************************
【出现时间】：2019-10-17 17:01:52.070
【日志等级】：Debug
【日志描述】：关闭阅读器成功

****************************日志信息****************************
【出现时间】：2019-10-17 17:02:02.879
【日志等级】：Debug
【日志描述】：启动服务器成功

****************************日志信息****************************
【出现时间】：2019-10-17 17:02:02.958
【日志等级】：Debug
【日志描述】：打开身份证阅读器成功

****************************日志信息****************************
【出现时间】：2019-10-17 17:04:02.142
【日志等级】：Debug
【日志描述】：关闭服务器成功

****************************日志信息****************************
【出现时间】：2019-10-17 17:04:02.143
【日志等级】：Debug
【日志描述】：关闭阅读器成功

****************************日志信息****************************
【出现时间】：2019-10-17 17:04:17.119
【日志等级】：Debug
【日志描述】：启动服务器成功

****************************日志信息****************************
【出现时间】：2019-10-17 17:04:17.174
【日志等级】：Debug
【日志描述】：打开身份证阅读器成功

****************************日志信息****************************
【出现时间】：2019-10-17 17:15:27.984
【日志等级】：Debug
【日志描述】：关闭服务器成功

****************************日志信息****************************
【出现时间】：2019-10-17 17:15:28.016
【日志等级】：Debug
【日志描述】：关闭阅读器成功

****************************日志信息****************************
【出现时间】：2019-10-17 17:17:28.008
【日志等级】：Debug
【日志描述】：启动服务器成功

****************************日志信息****************************
【出现时间】：2019-10-17 17:17:28.090
【日志等级】：Debug
【日志描述】：打开身份证阅读器成功

****************************日志信息****************************
【出现时间】：2019-10-17 17:18:22.294
【日志等级】：Debug
【日志描述】：关闭服务器成功

****************************日志信息****************************
【出现时间】：2019-10-17 17:18:22.304
【日志等级】：Debug
【日志描述】：关闭阅读器成功

****************************日志信息****************************
【出现时间】：2019-10-17 17:18:29.257
【日志等级】：Debug
【日志描述】：启动服务器成功

****************************日志信息****************************
【出现时间】：2019-10-17 17:18:29.316
【日志等级】：Debug
【日志描述】：打开身份证阅读器成功

****************************日志信息****************************
【出现时间】：2019-10-17 17:18:43.410
【日志等级】：Debug
【日志描述】：关闭服务器成功

****************************日志信息****************************
【出现时间】：2019-10-17 17:18:43.410
【日志等级】：Debug
【日志描述】：关闭阅读器成功

****************************日志信息****************************
【出现时间】：2019-10-17 17:18:50.609
【日志等级】：Debug
【日志描述】：启动服务器成功

****************************日志信息****************************
【出现时间】：2019-10-17 17:18:50.670
【日志等级】：Debug
【日志描述】：打开身份证阅读器成功

****************************日志信息****************************
【出现时间】：2019-10-17 17:19:21.431
【日志等级】：Debug
【日志描述】：关闭服务器成功

****************************日志信息****************************
【出现时间】：2019-10-17 17:19:21.432
【日志等级】：Debug
【日志描述】：关闭阅读器成功

****************************日志信息****************************
【出现时间】：2019-10-17 17:19:25.648
【日志等级】：Debug
【日志描述】：启动服务器成功

****************************日志信息****************************
【出现时间】：2019-10-17 17:19:25.702
【日志等级】：Debug
【日志描述】：打开身份证阅读器成功

****************************日志信息****************************
【出现时间】：2019-10-17 17:31:04.308
【日志等级】：Debug
【日志描述】：启动服务器成功

****************************日志信息****************************
【出现时间】：2019-10-17 17:31:04.432
【日志等级】：Debug
【日志描述】：打开身份证阅读器成功

****************************日志信息****************************
【出现时间】：2019-10-17 17:33:00.926
【日志等级】：Debug
【日志描述】：启动相机返回
【详细信息】：{"success":true,"msg":""}

****************************日志信息****************************
【出现时间】：2019-10-17 17:41:22.135
【日志等级】：Debug
【日志描述】：启动相机返回
【详细信息】：{"success":true,"msg":""}

****************************日志信息****************************
【出现时间】：2019-10-17 17:54:29.611
【日志等级】：Debug
【日志描述】：关闭服务器成功

****************************日志信息****************************
【出现时间】：2019-10-17 17:54:29.613
【日志等级】：Debug
【日志描述】：关闭阅读器成功

