****************************日志信息****************************
【出现时间】：2019-10-16 08:49:41.567
【日志等级】：Debug
【日志描述】：启动服务器成功

****************************日志信息****************************
【出现时间】：2019-10-16 09:02:15.964
【日志等级】：Debug
【日志描述】：启动服务器成功

****************************日志信息****************************
【出现时间】：2019-10-16 09:02:44.315
【日志等级】：Debug
【日志描述】：关闭服务器成功

****************************日志信息****************************
【出现时间】：2019-10-16 09:02:44.316
【日志等级】：Debug
【日志描述】：关闭阅读器成功

****************************日志信息****************************
【出现时间】：2019-10-16 09:02:49.127
【日志等级】：Debug
【日志描述】：启动服务器成功

****************************日志信息****************************
【出现时间】：2019-10-16 09:28:20.444
【日志等级】：Debug
【日志描述】：关闭服务器成功

****************************日志信息****************************
【出现时间】：2019-10-16 09:28:20.445
【日志等级】：Debug
【日志描述】：关闭阅读器成功

****************************日志信息****************************
【出现时间】：2019-10-16 09:28:38.396
【日志等级】：Debug
【日志描述】：启动服务器成功

****************************日志信息****************************
【出现时间】：2019-10-16 09:37:16.320
【日志等级】：Debug
【日志描述】：关闭服务器成功

****************************日志信息****************************
【出现时间】：2019-10-16 09:37:16.321
【日志等级】：Debug
【日志描述】：关闭阅读器成功

